<?xml version="1.0" encoding="UTF-8"?>
<!-- Generated by org.testng.reporters.JUnitXMLReporter -->
<testsuite ignored="0" hostname="LT14-DBR1-IND" failures="0" tests="3" name="Regression" time="81.801" errors="0" timestamp="2021-12-01T21:15:42 IST">
  <testcase classname="com.qa.tests.searchPageTest" name="validateSearchPageTitle" time="0.014"/>
  <testcase classname="com.qa.tests.searchPageTest" name="searchCity" time="5.333"/>
  <testcase classname="com.qa.tests.searchResultPageTest" name="validateSearchResultPageTitle" time="0.014"/>
</testsuite> <!-- Regression -->
