<?xml version="1.0" encoding="UTF-8"?>
<testsuite xmlns:xsi="http://www.w3.org/2001/XMLSchema-instance" xsi:noNamespaceSchemaLocation="https://maven.apache.org/surefire/maven-surefire-plugin/xsd/surefire-test-report-3.0.xsd" version="3.0" name="TestSuite" time="284.574" tests="3" errors="0" skipped="0" failures="0">
  <properties>
[...]
</properties>
  <testcase name="validateSearchPageTitle" classname="com.qa.tests.searchPageTest" time="0">
    <system-out><![CDATA[https://www.accuweather.com/
validated Local, National, & Global Daily Weather Forecast | AccuWeather
]]></system-out>
    <system-err><![CDATA[SLF4J: Failed to load class "org.slf4j.impl.StaticLoggerBinder".
SLF4J: Defaulting to no-operation (NOP) logger implementation
SLF4J: See http://www.slf4j.org/codes.html#StaticLoggerBinder for further details.
ERROR StatusLogger Log4j2 could not find a logging implementation. Please add log4j-core to the classpath. Using SimpleLogger to log to the console...
1638286496911	geckodriver	INFO	Listening on 127.0.0.1:61333
1638286497261	mozrunner::runner	INFO	Running command: "C:\\Program Files (x86)\\Mozilla Firefox\\firefox.exe" "--marionette" "--remote-debugging-port" "57486" "-no-remote" "-profile" "C:\\Users\\DBR1\\AppData\\Local\\Temp\\rust_mozprofileHUBb3x"
JavaScript error: resource://gre/modules/XULStore.jsm, line 66: Error: Can't find profile directory.
1638286500008	Marionette	INFO	Listening on port 50908
1638286500424	Marionette	WARN	TLS certificate errors will be ignored for this session
Nov 30, 2021 9:05:00 PM org.openqa.selenium.remote.ProtocolHandshake createSession
INFO: Detected dialect: W3C
JavaScript error: resource://gre/modules/URIFixup.jsm, line 288: NS_ERROR_FAILURE: Should pass a non-null uri
]]></system-err>
  </testcase>
  <testcase name="searchCity" classname="com.qa.tests.searchPageTest" time="0">
    <system-out><![CDATA[https://www.accuweather.com/
second method in 1 
]]></system-out>
    <system-err><![CDATA[1638286628941	Marionette	INFO	Stopped listening on port 50908

###!!! [Child][RunMessage] Error: Channel closing: too late to send/recv, messages will be lost


###!!! [Child][MessageChannel::SendAndWait] Error: Channel error: cannot send/recv

1638286631653	geckodriver	INFO	Listening on 127.0.0.1:56783
1638286631691	mozrunner::runner	INFO	Running command: "C:\\Program Files (x86)\\Mozilla Firefox\\firefox.exe" "--marionette" "--remote-debugging-port" "54077" "-no-remote" "-profile" "C:\\Users\\DBR1\\AppData\\Local\\Temp\\rust_mozprofileTmP2UR"
JavaScript error: resource://gre/modules/XULStore.jsm, line 66: Error: Can't find profile directory.
1638286633824	Marionette	INFO	Listening on port 51228
1638286633847	Marionette	WARN	TLS certificate errors will be ignored for this session
Nov 30, 2021 9:07:13 PM org.openqa.selenium.remote.ProtocolHandshake createSession
INFO: Detected dialect: W3C
JavaScript error: resource://gre/modules/URIFixup.jsm, line 288: NS_ERROR_FAILURE: Should pass a non-null uri
]]></system-err>
  </testcase>
  <testcase name="validateSearchResultPageTitle" classname="com.qa.tests.searchResultPageTest" time="7.863">
    <system-out><![CDATA[https://www.accuweather.com/
What is the city name Bengaluru,KA
temparature in string 22°C
22.0
validated Bengaluru, Karnataka, India Today, Tonight & Tomorrow's Weather Forecast | AccuWeather
]]></system-out>
    <system-err><![CDATA[1638286711692	Marionette	INFO	Stopped listening on port 51228
JavaScript error: , line 0: TypeError: NetworkError when attempting to fetch resource.

###!!! [Child][RunMessage] Error: Channel closing: too late to send/recv, messages will be lost


###!!! [Child][MessageChannel::SendAndWait] Error: Channel error: cannot send/recv

1638286713532	geckodriver	INFO	Listening on 127.0.0.1:55151
1638286713570	mozrunner::runner	INFO	Running command: "C:\\Program Files (x86)\\Mozilla Firefox\\firefox.exe" "--marionette" "--remote-debugging-port" "58755" "-no-remote" "-profile" "C:\\Users\\DBR1\\AppData\\Local\\Temp\\rust_mozprofilezpCISA"
JavaScript error: resource://gre/modules/XULStore.jsm, line 66: Error: Can't find profile directory.
1638286715704	Marionette	INFO	Listening on port 51503
1638286715728	Marionette	WARN	TLS certificate errors will be ignored for this session
Nov 30, 2021 9:08:35 PM org.openqa.selenium.remote.ProtocolHandshake createSession
INFO: Detected dialect: W3C
JavaScript error: resource://gre/modules/URIFixup.jsm, line 288: NS_ERROR_FAILURE: Should pass a non-null uri
JavaScript error: , line 0: uncaught exception: undefined
JavaScript error: , line 0: TypeError: NetworkError when attempting to fetch resource.
]]></system-err>
  </testcase>
</testsuite>