<?xml version="1.0" encoding="UTF-8"?>
<testng-results ignored="0" total="3" passed="3" failed="0" skipped="0">
  <reporter-output>
  </reporter-output>
  <suite started-at="2021-11-30T21:04:56 IST" name="Suite" finished-at="2021-11-30T21:09:39 IST" duration-ms="283791">
    <groups>
    </groups>
    <test started-at="2021-11-30T21:04:56 IST" name="Regression" finished-at="2021-11-30T21:09:39 IST" duration-ms="283791">
      <class name="com.qa.tests.searchPageTest">
        <test-method is-config="true" signature="setUp()[pri:0, instance:com.qa.tests.searchPageTest@34123d65]" started-at="2021-11-30T21:04:56 IST" name="setUp" finished-at="2021-11-30T21:07:08 IST" duration-ms="132764" status="PASS">
          <reporter-output>
          </reporter-output>
        </test-method> <!-- setUp -->
        <test-method signature="validateSearchPageTitle()[pri:1, instance:com.qa.tests.searchPageTest@34123d65]" started-at="2021-11-30T21:07:08 IST" name="validateSearchPageTitle" finished-at="2021-11-30T21:07:08 IST" duration-ms="22" status="PASS">
          <reporter-output>
          </reporter-output>
        </test-method> <!-- validateSearchPageTitle -->
        <test-method is-config="true" signature="tearDown()[pri:0, instance:com.qa.tests.searchPageTest@34123d65]" started-at="2021-11-30T21:07:08 IST" name="tearDown" finished-at="2021-11-30T21:07:11 IST" duration-ms="2661" status="PASS">
          <reporter-output>
          </reporter-output>
        </test-method> <!-- tearDown -->
        <test-method is-config="true" signature="setUp()[pri:0, instance:com.qa.tests.searchPageTest@34123d65]" started-at="2021-11-30T21:07:11 IST" name="setUp" finished-at="2021-11-30T21:08:31 IST" duration-ms="80085" status="PASS">
          <reporter-output>
          </reporter-output>
        </test-method> <!-- setUp -->
        <test-method signature="searchCity()[pri:2, instance:com.qa.tests.searchPageTest@34123d65]" started-at="2021-11-30T21:08:31 IST" name="searchCity" finished-at="2021-11-30T21:08:31 IST" duration-ms="0" status="PASS">
          <reporter-output>
          </reporter-output>
        </test-method> <!-- searchCity -->
        <test-method is-config="true" signature="tearDown()[pri:0, instance:com.qa.tests.searchPageTest@34123d65]" started-at="2021-11-30T21:08:31 IST" name="tearDown" finished-at="2021-11-30T21:08:33 IST" duration-ms="1793" status="PASS">
          <reporter-output>
          </reporter-output>
        </test-method> <!-- tearDown -->
      </class> <!-- com.qa.tests.searchPageTest -->
      <class name="com.qa.tests.searchResultPageTest">
        <test-method is-config="true" signature="setUp()[pri:0, instance:com.qa.tests.searchResultPageTest@38425407]" started-at="2021-11-30T21:08:33 IST" name="setUp" finished-at="2021-11-30T21:09:28 IST" duration-ms="54561" status="PASS">
          <reporter-output>
          </reporter-output>
        </test-method> <!-- setUp -->
        <test-method signature="validateSearchResultPageTitle()[pri:1, instance:com.qa.tests.searchResultPageTest@38425407]" started-at="2021-11-30T21:09:28 IST" name="validateSearchResultPageTitle" finished-at="2021-11-30T21:09:35 IST" duration-ms="7904" status="PASS">
          <reporter-output>
          </reporter-output>
        </test-method> <!-- validateSearchResultPageTitle -->
        <test-method is-config="true" signature="tearDown()[pri:0, instance:com.qa.tests.searchResultPageTest@38425407]" started-at="2021-11-30T21:09:35 IST" name="tearDown" finished-at="2021-11-30T21:09:39 IST" duration-ms="3957" status="PASS">
          <reporter-output>
          </reporter-output>
        </test-method> <!-- tearDown -->
      </class> <!-- com.qa.tests.searchResultPageTest -->
    </test> <!-- Regression -->
  </suite> <!-- Suite -->
</testng-results>
