<?xml version="1.0" encoding="UTF-8"?>
<testng-results ignored="0" total="3" passed="2" failed="1" skipped="0">
  <reporter-output>
  </reporter-output>
  <suite started-at="2021-11-27T14:16:56 IST" name="Suite" finished-at="2021-11-27T14:18:51 IST" duration-ms="114332">
    <groups>
    </groups>
    <test started-at="2021-11-27T14:16:56 IST" name="Regression" finished-at="2021-11-27T14:18:51 IST" duration-ms="114332">
      <class name="com.qa.ui.tests.searchResultPageTest">
        <test-method is-config="true" signature="setUp()[pri:0, instance:com.qa.ui.tests.searchResultPageTest@5ddeb7cb]" started-at="2021-11-27T14:18:02 IST" name="setUp" finished-at="2021-11-27T14:18:40 IST" duration-ms="37793" status="PASS">
          <reporter-output>
          </reporter-output>
        </test-method> <!-- setUp -->
        <test-method signature="validateSearchResultPageTitle()[pri:1, instance:com.qa.ui.tests.searchResultPageTest@5ddeb7cb]" started-at="2021-11-27T14:18:40 IST" name="validateSearchResultPageTitle" finished-at="2021-11-27T14:18:46 IST" duration-ms="6115" status="PASS">
          <reporter-output>
          </reporter-output>
        </test-method> <!-- validateSearchResultPageTitle -->
        <test-method is-config="true" signature="tearDown()[pri:0, instance:com.qa.ui.tests.searchResultPageTest@5ddeb7cb]" started-at="2021-11-27T14:18:46 IST" name="tearDown" finished-at="2021-11-27T14:18:51 IST" duration-ms="4269" status="PASS">
          <reporter-output>
          </reporter-output>
        </test-method> <!-- tearDown -->
      </class> <!-- com.qa.ui.tests.searchResultPageTest -->
      <class name="com.qa.ui.tests.searchPageTest">
        <test-method is-config="true" signature="setUp()[pri:0, instance:com.qa.ui.tests.searchPageTest@742ff096]" started-at="2021-11-27T14:16:56 IST" name="setUp" finished-at="2021-11-27T14:17:24 IST" duration-ms="28130" status="PASS">
          <reporter-output>
          </reporter-output>
        </test-method> <!-- setUp -->
        <test-method signature="validateSearchPageTitle()[pri:1, instance:com.qa.ui.tests.searchPageTest@742ff096]" started-at="2021-11-27T14:17:24 IST" name="validateSearchPageTitle" finished-at="2021-11-27T14:17:24 IST" duration-ms="53" status="PASS">
          <reporter-output>
          </reporter-output>
        </test-method> <!-- validateSearchPageTitle -->
        <test-method is-config="true" signature="tearDown()[pri:0, instance:com.qa.ui.tests.searchPageTest@742ff096]" started-at="2021-11-27T14:17:24 IST" name="tearDown" finished-at="2021-11-27T14:17:29 IST" duration-ms="4996" status="PASS">
          <reporter-output>
          </reporter-output>
        </test-method> <!-- tearDown -->
        <test-method is-config="true" signature="setUp()[pri:0, instance:com.qa.ui.tests.searchPageTest@742ff096]" started-at="2021-11-27T14:17:29 IST" name="setUp" finished-at="2021-11-27T14:17:57 IST" duration-ms="27345" status="PASS">
          <reporter-output>
          </reporter-output>
        </test-method> <!-- setUp -->
        <test-method signature="searchCity()[pri:2, instance:com.qa.ui.tests.searchPageTest@742ff096]" started-at="2021-11-27T14:17:57 IST" name="searchCity" finished-at="2021-11-27T14:17:57 IST" duration-ms="483" status="FAIL">
          <exception class="org.openqa.selenium.NoSuchElementException">
            <message>
              <![CDATA[Unable to locate element: //a[1]/div[@class ='cur-con-weather-card__body']/div[@class ='cur-con-weather-card__panel']/div/div/div[@class='temp']
For documentation on this error, please visit: https://selenium.dev/exceptions/#no_such_element
Build info: version: '4.0.0', revision: '3a21814679'
System info: host: 'LT14-DBR1-IND', ip: '172.20.10.2', os.name: 'Windows 10', os.arch: 'amd64', os.version: '10.0', java.version: '16.0.2'
Driver info: org.openqa.selenium.firefox.FirefoxDriver
Command: [885ef78d-9896-4185-a74c-e3061d2180b2, findElement {using=xpath, value=//a[1]/div[@class ='cur-con-weather-card__body']/div[@class ='cur-con-weather-card__panel']/div/div/div[@class='temp']}]
Capabilities {acceptInsecureCerts: true, browserName: firefox, browserVersion: 78.15.0, javascriptEnabled: true, moz:accessibilityChecks: false, moz:buildID: 20210927121355, moz:geckodriverVersion: 0.30.0, moz:headless: false, moz:processID: 22280, moz:profile: C:\Users\DBR1\AppData\Local..., moz:shutdownTimeout: 60000, moz:useNonSpecCompliantPointerOrigin: false, moz:webdriverClick: true, pageLoadStrategy: normal, platform: WINDOWS, platformName: WINDOWS, platformVersion: 10.0, rotatable: false, setWindowRect: true, strictFileInteractability: false, timeouts: {implicit: 0, pageLoad: 300000, script: 30000}, unhandledPromptBehavior: dismiss and notify}
Session ID: 885ef78d-9896-4185-a74c-e3061d2180b2]]>
            </message>
            <full-stacktrace>
              <![CDATA[org.openqa.selenium.NoSuchElementException: Unable to locate element: //a[1]/div[@class ='cur-con-weather-card__body']/div[@class ='cur-con-weather-card__panel']/div/div/div[@class='temp']
For documentation on this error, please visit: https://selenium.dev/exceptions/#no_such_element
Build info: version: '4.0.0', revision: '3a21814679'
System info: host: 'LT14-DBR1-IND', ip: '172.20.10.2', os.name: 'Windows 10', os.arch: 'amd64', os.version: '10.0', java.version: '16.0.2'
Driver info: org.openqa.selenium.firefox.FirefoxDriver
Command: [885ef78d-9896-4185-a74c-e3061d2180b2, findElement {using=xpath, value=//a[1]/div[@class ='cur-con-weather-card__body']/div[@class ='cur-con-weather-card__panel']/div/div/div[@class='temp']}]
Capabilities {acceptInsecureCerts: true, browserName: firefox, browserVersion: 78.15.0, javascriptEnabled: true, moz:accessibilityChecks: false, moz:buildID: 20210927121355, moz:geckodriverVersion: 0.30.0, moz:headless: false, moz:processID: 22280, moz:profile: C:\Users\DBR1\AppData\Local..., moz:shutdownTimeout: 60000, moz:useNonSpecCompliantPointerOrigin: false, moz:webdriverClick: true, pageLoadStrategy: normal, platform: WINDOWS, platformName: WINDOWS, platformVersion: 10.0, rotatable: false, setWindowRect: true, strictFileInteractability: false, timeouts: {implicit: 0, pageLoad: 300000, script: 30000}, unhandledPromptBehavior: dismiss and notify}
Session ID: 885ef78d-9896-4185-a74c-e3061d2180b2
at java.base/jdk.internal.reflect.NativeConstructorAccessorImpl.newInstance0(Native Method)
at java.base/jdk.internal.reflect.NativeConstructorAccessorImpl.newInstance(NativeConstructorAccessorImpl.java:78)
at java.base/jdk.internal.reflect.DelegatingConstructorAccessorImpl.newInstance(DelegatingConstructorAccessorImpl.java:45)
at java.base/java.lang.reflect.Constructor.newInstanceWithCaller(Constructor.java:499)
at java.base/java.lang.reflect.Constructor.newInstance(Constructor.java:480)
at org.openqa.selenium.remote.codec.w3c.W3CHttpResponseCodec.createException(W3CHttpResponseCodec.java:200)
at org.openqa.selenium.remote.codec.w3c.W3CHttpResponseCodec.decode(W3CHttpResponseCodec.java:133)
at org.openqa.selenium.remote.codec.w3c.W3CHttpResponseCodec.decode(W3CHttpResponseCodec.java:53)
at org.openqa.selenium.remote.HttpCommandExecutor.execute(HttpCommandExecutor.java:184)
at org.openqa.selenium.remote.service.DriverCommandExecutor.invokeExecute(DriverCommandExecutor.java:164)
at org.openqa.selenium.remote.service.DriverCommandExecutor.execute(DriverCommandExecutor.java:139)
at org.openqa.selenium.remote.RemoteWebDriver.execute(RemoteWebDriver.java:559)
at org.openqa.selenium.remote.ElementLocation$ElementFinder$2.findElement(ElementLocation.java:162)
at org.openqa.selenium.remote.ElementLocation.findElement(ElementLocation.java:60)
at org.openqa.selenium.remote.RemoteWebDriver.findElement(RemoteWebDriver.java:383)
at org.openqa.selenium.remote.RemoteWebDriver.findElement(RemoteWebDriver.java:375)
at org.openqa.selenium.support.pagefactory.DefaultElementLocator.findElement(DefaultElementLocator.java:70)
at org.openqa.selenium.support.pagefactory.internal.LocatingElementHandler.invoke(LocatingElementHandler.java:39)
at jdk.proxy2/jdk.proxy2.$Proxy13.getText(Unknown Source)
at com.qa.ui.pages.SearchResultPage.getUITemp(SearchResultPage.java:29)
at com.qa.factory.TemparatureFactory.getTemperature(TemparatureFactory.java:18)
at com.qa.ui.tests.searchPageTest.searchCity(searchPageTest.java:42)
at java.base/jdk.internal.reflect.NativeMethodAccessorImpl.invoke0(Native Method)
at java.base/jdk.internal.reflect.NativeMethodAccessorImpl.invoke(NativeMethodAccessorImpl.java:78)
at java.base/jdk.internal.reflect.DelegatingMethodAccessorImpl.invoke(DelegatingMethodAccessorImpl.java:43)
at java.base/java.lang.reflect.Method.invoke(Method.java:567)
at org.testng.internal.MethodInvocationHelper.invokeMethod(MethodInvocationHelper.java:133)
at org.testng.internal.TestInvoker.invokeMethod(TestInvoker.java:598)
at org.testng.internal.TestInvoker.invokeTestMethod(TestInvoker.java:173)
at org.testng.internal.MethodRunner.runInSequence(MethodRunner.java:46)
at org.testng.internal.TestInvoker$MethodInvocationAgent.invoke(TestInvoker.java:824)
at org.testng.internal.TestInvoker.invokeTestMethods(TestInvoker.java:146)
at org.testng.internal.TestMethodWorker.invokeTestMethods(TestMethodWorker.java:146)
at org.testng.internal.TestMethodWorker.run(TestMethodWorker.java:128)
at java.base/java.util.ArrayList.forEach(ArrayList.java:1511)
at org.testng.TestRunner.privateRun(TestRunner.java:794)
at org.testng.TestRunner.run(TestRunner.java:596)
at org.testng.SuiteRunner.runTest(SuiteRunner.java:377)
at org.testng.SuiteRunner.runSequentially(SuiteRunner.java:371)
at org.testng.SuiteRunner.privateRun(SuiteRunner.java:332)
at org.testng.SuiteRunner.run(SuiteRunner.java:276)
at org.testng.SuiteRunnerWorker.runSuite(SuiteRunnerWorker.java:53)
at org.testng.SuiteRunnerWorker.run(SuiteRunnerWorker.java:96)
at org.testng.TestNG.runSuitesSequentially(TestNG.java:1212)
at org.testng.TestNG.runSuitesLocally(TestNG.java:1134)
at org.testng.TestNG.runSuites(TestNG.java:1063)
at org.testng.TestNG.run(TestNG.java:1031)
at org.apache.maven.surefire.testng.TestNGExecutor.run(TestNGExecutor.java:284)
at org.apache.maven.surefire.testng.TestNGXmlTestSuite.execute(TestNGXmlTestSuite.java:75)
at org.apache.maven.surefire.testng.TestNGProvider.invoke(TestNGProvider.java:119)
at org.apache.maven.surefire.booter.ForkedBooter.runSuitesInProcess(ForkedBooter.java:428)
at org.apache.maven.surefire.booter.ForkedBooter.execute(ForkedBooter.java:162)
at org.apache.maven.surefire.booter.ForkedBooter.run(ForkedBooter.java:562)
at org.apache.maven.surefire.booter.ForkedBooter.main(ForkedBooter.java:548)
]]>
            </full-stacktrace>
          </exception> <!-- org.openqa.selenium.NoSuchElementException -->
          <reporter-output>
          </reporter-output>
        </test-method> <!-- searchCity -->
        <test-method is-config="true" signature="tearDown()[pri:0, instance:com.qa.ui.tests.searchPageTest@742ff096]" started-at="2021-11-27T14:17:57 IST" name="tearDown" finished-at="2021-11-27T14:18:02 IST" duration-ms="5092" status="PASS">
          <reporter-output>
          </reporter-output>
        </test-method> <!-- tearDown -->
      </class> <!-- com.qa.ui.tests.searchPageTest -->
    </test> <!-- Regression -->
  </suite> <!-- Suite -->
</testng-results>
